[debug] [2020-11-08T03:15:18.680Z] ----------------------------------------------------------------------
[debug] [2020-11-08T03:15:18.682Z] Command:       C:\Program Files\nodejs\node.exe C:\Users\sophi\AppData\Roaming\npm\node_modules\firebase-tools\lib\bin\firebase.js init hosting:github
[debug] [2020-11-08T03:15:18.682Z] CLI Version:   8.15.1
[debug] [2020-11-08T03:15:18.683Z] Platform:      win32
[debug] [2020-11-08T03:15:18.683Z] Node Version:  v14.13.1
[debug] [2020-11-08T03:15:18.683Z] Time:          Sat Nov 07 2020 22:15:18 GMT-0500 (Eastern Standard Time)
[debug] [2020-11-08T03:15:18.684Z] ----------------------------------------------------------------------
[debug] [2020-11-08T03:15:18.684Z] 
[debug] [2020-11-08T03:15:18.688Z] > command requires scopes: ["email","openid","https://www.googleapis.com/auth/cloudplatformprojects.readonly","https://www.googleapis.com/auth/firebase","https://www.googleapis.com/auth/cloud-platform"]
[debug] [2020-11-08T03:15:18.689Z] > authorizing via signed-in user
[info] 
     ######## #### ########  ######## ########     ###     ######  ########
     ##        ##  ##     ## ##       ##     ##  ##   ##  ##       ##
     ######    ##  ########  ######   ########  #########  ######  ######
     ##        ##  ##    ##  ##       ##     ## ##     ##       ## ##
     ##       #### ##     ## ######## ########  ##     ##  ######  ########

You're about to initialize a Firebase project in this directory:

  C:\users\sophi\documents\Amazon-Clone\amazon-clone

Before we get started, keep in mind:

  * You are initializing in an existing Firebase project directory

[info] 
=== Project Setup
[info] 
[info] First, let's associate this project directory with a Firebase project.
[info] You can create multiple project aliases by running firebase use --add, 
[info] but for now we'll just set up a default project.
[info] 
[info] i  .firebaserc already has a default project, using clone-d613f. 
[debug] [2020-11-08T03:15:23.014Z] >>> HTTP REQUEST GET https://firebase.googleapis.com/v1beta1/projects/clone-d613f  
 
[debug] [2020-11-08T03:15:23.246Z] <<< HTTP RESPONSE 200 {"content-type":"application/json; charset=UTF-8","vary":"X-Origin, Referer, Origin,Accept-Encoding","date":"Sun, 08 Nov 2020 03:15:22 GMT","server":"ESF","cache-control":"private","x-xss-protection":"0","x-frame-options":"SAMEORIGIN","x-content-type-options":"nosniff","alt-svc":"h3-Q050=\":443\"; ma=2592000,h3-29=\":443\"; ma=2592000,h3-T051=\":443\"; ma=2592000,h3-T050=\":443\"; ma=2592000,h3-Q046=\":443\"; ma=2592000,h3-Q043=\":443\"; ma=2592000,quic=\":443\"; ma=2592000; v=\"46,43\"","accept-ranges":"none","transfer-encoding":"chunked"}
[info] 
=== Hosting:github Setup
[info] 
[info] i  Detected a .git folder at C:\users\sophi\documents\Amazon-Clone 
[info] i  Authorizing with GitHub to upload your service account to a GitHub repository's secrets store. 
[info] 
[info] Visit this URL on this device to log in:
[info] https://github.com/login/oauth/authorize?client_id=89cf50f02ac6aaed3484&state=407432890&redirect_uri=http%3A%2F%2Flocalhost%3A9005&scope=read%3Auser%20repo%20public_repo
[info] 
[info] Waiting for authentication...
[debug] [2020-11-08T03:15:23.833Z] >>> HTTP REQUEST POST https://github.com/login/oauth/access_token  
 {"client_id":"89cf50f02ac6aaed3484","client_secret":"3330d14abc895d9a74d5f17cd7a00711fa2c5bf0","code":"5463e9a32ed9ed96625d","redirect_uri":"http://localhost:9005","state":"407432890"}
[debug] [2020-11-08T03:15:24.027Z] <<< HTTP RESPONSE 200 {"server":"GitHub.com","date":"Sun, 08 Nov 2020 03:15:23 GMT","content-type":"application/json; charset=utf-8","transfer-encoding":"chunked","status":"200 OK","vary":"X-PJAX, Accept-Encoding, Accept, X-Requested-With","etag":"W/\"b612bea2cd9f371ac93a7b97cd0d50df\"","cache-control":"max-age=0, private, must-revalidate","strict-transport-security":"max-age=31536000; includeSubdomains; preload","x-frame-options":"deny","x-content-type-options":"nosniff","x-xss-protection":"1; mode=block","referrer-policy":"origin-when-cross-origin, strict-origin-when-cross-origin","expect-ct":"max-age=2592000, report-uri=\"https://api.github.com/_private/browser/errors\"","content-security-policy":"default-src 'none'; base-uri 'self'; block-all-mixed-content; connect-src 'self' uploads.github.com www.githubstatus.com collector.githubapp.com api.github.com www.google-analytics.com github-cloud.s3.amazonaws.com github-production-repository-file-5c1aeb.s3.amazonaws.com github-production-upload-manifest-file-7fdce7.s3.amazonaws.com github-production-user-asset-6210df.s3.amazonaws.com cdn.optimizely.com logx.optimizely.com/v1/events wss://alive.github.com; font-src github.githubassets.com; form-action 'self' github.com gist.github.com; frame-ancestors 'none'; frame-src render.githubusercontent.com; img-src 'self' data: github.githubassets.com identicons.github.com collector.githubapp.com github-cloud.s3.amazonaws.com *.githubusercontent.com; manifest-src 'self'; media-src 'none'; script-src github.githubassets.com; style-src 'unsafe-inline' github.githubassets.com; worker-src github.com/socket-worker.js gist.github.com/socket-worker.js","x-github-request-id":"C8FA:346C:517A732:7307046:5FA762CB"}
[debug] [2020-11-08T03:15:24.027Z] >>> HTTP REQUEST GET https://api.github.com/user  
 
[debug] [2020-11-08T03:15:24.242Z] <<< HTTP RESPONSE 200 {"server":"GitHub.com","date":"Sun, 08 Nov 2020 03:15:23 GMT","content-type":"application/json; charset=utf-8","content-length":"1570","status":"200 OK","cache-control":"private, max-age=60, s-maxage=60","vary":"Accept, Authorization, Cookie, X-GitHub-OTP, Accept-Encoding, Accept, X-Requested-With","etag":"\"a2c0d646df28a68946c9d2914ac5a27a7570b69c38df31a3f93c41cc8ec5b640\"","last-modified":"Sun, 08 Nov 2020 02:57:45 GMT","x-oauth-scopes":"read:user, repo","x-accepted-oauth-scopes":"","x-oauth-client-id":"89cf50f02ac6aaed3484","x-github-media-type":"github.v3","x-ratelimit-limit":"5000","x-ratelimit-remaining":"4986","x-ratelimit-reset":"1604807278","x-ratelimit-used":"14","access-control-expose-headers":"ETag, Link, Location, Retry-After, X-GitHub-OTP, X-RateLimit-Limit, X-RateLimit-Remaining, X-RateLimit-Used, X-RateLimit-Reset, X-OAuth-Scopes, X-Accepted-OAuth-Scopes, X-Poll-Interval, X-GitHub-Media-Type, Deprecation, Sunset","access-control-allow-origin":"*","strict-transport-security":"max-age=31536000; includeSubdomains; preload","x-frame-options":"deny","x-content-type-options":"nosniff","x-xss-protection":"1; mode=block","referrer-policy":"origin-when-cross-origin, strict-origin-when-cross-origin","content-security-policy":"default-src 'none'","x-github-request-id":"C8FB:7E4A:762081C:C236A4E:5FA762CB"}
[info] 
[info] +  Success! Logged into GitHub as sophiasagan 
[info] 
